<?xml version="1.0" encoding="UTF-8"?>
<Site BuildName="Linux-g++"
	BuildStamp="20221101-0740-Experimental"
	Name="dyx"
	Generator="ctest-3.22.1"
	CompilerName="/usr/bin/g++"
	CompilerVersion="11.3.0"
	OSName="Linux"
	Hostname="dyx"
	OSRelease="5.15.0-52-generic"
	OSVersion="#58-Ubuntu SMP Thu Oct 13 08:03:55 UTC 2022"
	OSPlatform="x86_64"
	Is64Bits="1"
	VendorString="GenuineIntel"
	VendorID="Intel Corporation"
	FamilyID="6"
	ModelID="142"
	ProcessorCacheSize="3072"
	NumberOfLogicalCPU="4"
	NumberOfPhysicalCPU="2"
	TotalVirtualMemory="9536"
	TotalPhysicalMemory="15899"
	LogicalProcessorsPerPhysical="2"
	ProcessorClockFrequency="2700"
	>
	<Testing>
		<StartDateTime>Nov 01 16:37 CST</StartDateTime>
		<StartTestTime>1667291850</StartTestTime>
		<TestList>
			<Test>./deleteStudentByID_Test.BasicTest</Test>
			<Test>./addStudent_Test.BasicTest</Test>
			<Test>./dlistStudentsByScore_Test.BasicTest</Test>
		</TestList>
		<Test Status="passed">
			<Name>deleteStudentByID_Test.BasicTest</Name>
			<Path>.</Path>
			<FullName>./deleteStudentByID_Test.BasicTest</FullName>
			<FullCommandLine>/home/dyx/code/InfoManageSystem/lib/InfoManageLib/build/InfoManage_test "--gtest_filter=deleteStudentByID_Test.BasicTest" "--gtest_also_run_disabled_tests"</FullCommandLine>
			<Results>
				<NamedMeasurement type="numeric/double" name="Execution Time">
					<Value>0.0056977</Value>
				</NamedMeasurement>
				<NamedMeasurement type="numeric/double" name="Processors">
					<Value>1</Value>
				</NamedMeasurement>
				<NamedMeasurement type="text/string" name="Completion Status">
					<Value>Completed</Value>
				</NamedMeasurement>
				<NamedMeasurement type="text/string" name="Command Line">
					<Value>/home/dyx/code/InfoManageSystem/lib/InfoManageLib/build/InfoManage_test "--gtest_filter=deleteStudentByID_Test.BasicTest" "--gtest_also_run_disabled_tests"</Value>
				</NamedMeasurement>
				<NamedMeasurement type="text/string" name="Environment">
					<Value>#CTEST_RESOURCE_GROUP_COUNT=</Value>
				</NamedMeasurement>
				<Measurement>
					<Value encoding="base64" compression="gzip">eJyVUEFOwzAQvPsVe2wOsRuOSD1QFVUIqaAETlFUmWSbWnJsZG+AvoEPcelvOPAM4qSqWgRS2NNIMzs7O2lrjDI1NFKZSQQbZxsQW9ugqHZv4vPj/Wu/F7W1tUZCT7FDjdJjnPDkgicnjPCuFHVA6+DFy5KtLOElLHsJPHQMbJQmdDCDCsNWRm2Fhua7m8U68HwuvSoDYvnsOAWkh5AJUO8SQh6wbxUhZ3l8nAKW2j5JPfBoXpSzpunOgEeK2+cf4lPP31OxHNLHFfRTjEg+KOHudoQaJlNofPTfSMMakCWpIzbue0Lp4sq+mvNu/+oUnDT8/E732f1Vll0vQg+DlrNvdfe9hA==</Value>
				</Measurement>
			</Results>
		</Test>
		<Test Status="passed">
			<Name>addStudent_Test.BasicTest</Name>
			<Path>.</Path>
			<FullName>./addStudent_Test.BasicTest</FullName>
			<FullCommandLine>/home/dyx/code/InfoManageSystem/lib/InfoManageLib/build/InfoManage_test "--gtest_filter=addStudent_Test.BasicTest" "--gtest_also_run_disabled_tests"</FullCommandLine>
			<Results>
				<NamedMeasurement type="numeric/double" name="Execution Time">
					<Value>0.00465897</Value>
				</NamedMeasurement>
				<NamedMeasurement type="numeric/double" name="Processors">
					<Value>1</Value>
				</NamedMeasurement>
				<NamedMeasurement type="text/string" name="Completion Status">
					<Value>Completed</Value>
				</NamedMeasurement>
				<NamedMeasurement type="text/string" name="Command Line">
					<Value>/home/dyx/code/InfoManageSystem/lib/InfoManageLib/build/InfoManage_test "--gtest_filter=addStudent_Test.BasicTest" "--gtest_also_run_disabled_tests"</Value>
				</NamedMeasurement>
				<NamedMeasurement type="text/string" name="Environment">
					<Value>#CTEST_RESOURCE_GROUP_COUNT=</Value>
				</NamedMeasurement>
				<Measurement>
					<Value encoding="base64" compression="gzip">eJyNUMtqwzAQvOsr9hgfLNU9FnJoacmhkBS7PRkTVGvjCmQpSOs+vqE/1Ev+pod+Ri07hCSQkDktzOzOzOadtdo20EptJwmsvGtBvLkWhfr6FL8/33+bjWicawwSBko9GpQB04xn1zzbY0TwtWjitIy3eF2zuSO8gdkggeeegZU2hB6mIJUqqFNoaRkJfieDruPEyukOFeTbdBnQsB7TbefQaULOynSHCmbGvUoz8mjftXe27S0gIKXd+ki8f/MoDishf5nDgOpc1lECi8dzMphcQRuSi91HPZAjaRJ2WUNC6VPlPuzh/079Dby0/NCn7/J0WxQP97HyqOXsH1AlsKo=</Value>
				</Measurement>
			</Results>
		</Test>
		<Test Status="passed">
			<Name>dlistStudentsByScore_Test.BasicTest</Name>
			<Path>.</Path>
			<FullName>./dlistStudentsByScore_Test.BasicTest</FullName>
			<FullCommandLine>/home/dyx/code/InfoManageSystem/lib/InfoManageLib/build/InfoManage_test "--gtest_filter=dlistStudentsByScore_Test.BasicTest" "--gtest_also_run_disabled_tests"</FullCommandLine>
			<Results>
				<NamedMeasurement type="numeric/double" name="Execution Time">
					<Value>0.00355753</Value>
				</NamedMeasurement>
				<NamedMeasurement type="numeric/double" name="Processors">
					<Value>1</Value>
				</NamedMeasurement>
				<NamedMeasurement type="text/string" name="Completion Status">
					<Value>Completed</Value>
				</NamedMeasurement>
				<NamedMeasurement type="text/string" name="Command Line">
					<Value>/home/dyx/code/InfoManageSystem/lib/InfoManageLib/build/InfoManage_test "--gtest_filter=dlistStudentsByScore_Test.BasicTest" "--gtest_also_run_disabled_tests"</Value>
				</NamedMeasurement>
				<NamedMeasurement type="text/string" name="Environment">
					<Value>#CTEST_RESOURCE_GROUP_COUNT=</Value>
				</NamedMeasurement>
				<Measurement>
					<Value encoding="base64" compression="gzip">eJydULtOw0AQ7O8rtowL32FKpBREoBRIAdlQWVZ02Btz0j3Q3RrIN/BDNPkbCj4Dnx1FCVIki6lG2tnZ2ck7a5VtwUhlZwlsvDMgXpxB0Ww/xPfX589uJ1rnWo2EgVKPGmXANOPZJc+OJiL4WrSRraMXr2u2coRXsBwk8NhPYKM0oYc5NFoFKqhr0FJYbIvaeVxHCV/IoOrIWDk/oIJ8nzMDGoxizj0PnSLkrEwPqGCp3bPU4xztm/LOmv4UBKS0e/0jPvY8G4yVkD+tYEA1Lf8ohvu7aQswuwATkn9kGzeBHEmdsGlNEEqfNu7dnvZ8rl/w0vLTO/1/D9dFcXsTCxm1nP0CIF3FTw==</Value>
				</Measurement>
			</Results>
		</Test>
		<EndDateTime>Nov 01 16:37 CST</EndDateTime>
		<EndTestTime>1667291850</EndTestTime>
		<ElapsedMinutes>0</ElapsedMinutes>
	</Testing>
</Site>
