<?xml version="1.0" encoding="UTF-8"?>
<Site BuildName="Linux-g++"
	BuildStamp="20221107-0129-Experimental"
	Name="dyx"
	Generator="ctest-3.22.1"
	CompilerName="/usr/bin/g++"
	CompilerVersion="11.3.0"
	OSName="Linux"
	Hostname="dyx"
	OSRelease="5.15.0-52-generic"
	OSVersion="#58-Ubuntu SMP Thu Oct 13 08:03:55 UTC 2022"
	OSPlatform="x86_64"
	Is64Bits="1"
	VendorString="GenuineIntel"
	VendorID="Intel Corporation"
	FamilyID="6"
	ModelID="142"
	ProcessorCacheSize="3072"
	NumberOfLogicalCPU="4"
	NumberOfPhysicalCPU="2"
	TotalVirtualMemory="9536"
	TotalPhysicalMemory="15899"
	LogicalProcessorsPerPhysical="2"
	ProcessorClockFrequency="3100"
	>
	<Testing>
		<StartDateTime>Nov 07 09:48 CST</StartDateTime>
		<StartTestTime>1667785682</StartTestTime>
		<TestList>
			<Test>./readStudentsFromFile_Test.BasicTest</Test>
			<Test>./listStudentsByScore_Test.BasicTest</Test>
			<Test>./deleteStudentByID_Test.BasicTest</Test>
			<Test>./addStudent_Test.BasicTest</Test>
		</TestList>
		<Test Status="passed">
			<Name>readStudentsFromFile_Test.BasicTest</Name>
			<Path>.</Path>
			<FullName>./readStudentsFromFile_Test.BasicTest</FullName>
			<FullCommandLine>/home/dyx/code/InfoManageSystem/lib/InfoManageLib/build/InfoManage_test "--gtest_filter=readStudentsFromFile_Test.BasicTest" "--gtest_also_run_disabled_tests"</FullCommandLine>
			<Results>
				<NamedMeasurement type="numeric/double" name="Execution Time">
					<Value>0.0137009</Value>
				</NamedMeasurement>
				<NamedMeasurement type="numeric/double" name="Processors">
					<Value>1</Value>
				</NamedMeasurement>
				<NamedMeasurement type="text/string" name="Completion Status">
					<Value>Completed</Value>
				</NamedMeasurement>
				<NamedMeasurement type="text/string" name="Command Line">
					<Value>/home/dyx/code/InfoManageSystem/lib/InfoManageLib/build/InfoManage_test "--gtest_filter=readStudentsFromFile_Test.BasicTest" "--gtest_also_run_disabled_tests"</Value>
				</NamedMeasurement>
				<NamedMeasurement type="text/string" name="Environment">
					<Value>#CTEST_RESOURCE_GROUP_COUNT=</Value>
				</NamedMeasurement>
				<Measurement>
					<Value encoding="base64" compression="gzip">eJydULtOw0AQ7O8rtowL32FKpBQgSAqkgGyoLCs67I056R7obs3jG/ghmvwNBZ+Bz46iBCmSxVQj7ezs7OSdtcq2YKSyswQ23hkQz86gaD7exffX5892K1rnWo2EgVKPGmXANOPZOc8OJiL4WrSRraMXr2u2coQXsBwk8NBPYKM0oYc5eJRNQV2DlsKiv7lQGtdRwq9kUHVkrJzvUUG+y5kBDUYx546HThFyVqZ7VLDU7knqcY72VXlnTX8LAlLavfwRH3qeDMZKyB9XMKCaln8Uw93ttAWYnYEJyT+yjZtAjqRO2LQmCKVPG/dmj3s+1S94afnxnf6/+8uiuLmOhYxazn4BRzLEjA==</Value>
				</Measurement>
			</Results>
		</Test>
		<Test Status="passed">
			<Name>listStudentsByScore_Test.BasicTest</Name>
			<Path>.</Path>
			<FullName>./listStudentsByScore_Test.BasicTest</FullName>
			<FullCommandLine>/home/dyx/code/InfoManageSystem/lib/InfoManageLib/build/InfoManage_test "--gtest_filter=listStudentsByScore_Test.BasicTest" "--gtest_also_run_disabled_tests"</FullCommandLine>
			<Results>
				<NamedMeasurement type="numeric/double" name="Execution Time">
					<Value>0.0126771</Value>
				</NamedMeasurement>
				<NamedMeasurement type="numeric/double" name="Processors">
					<Value>1</Value>
				</NamedMeasurement>
				<NamedMeasurement type="text/string" name="Completion Status">
					<Value>Completed</Value>
				</NamedMeasurement>
				<NamedMeasurement type="text/string" name="Command Line">
					<Value>/home/dyx/code/InfoManageSystem/lib/InfoManageLib/build/InfoManage_test "--gtest_filter=listStudentsByScore_Test.BasicTest" "--gtest_also_run_disabled_tests"</Value>
				</NamedMeasurement>
				<NamedMeasurement type="text/string" name="Environment">
					<Value>#CTEST_RESOURCE_GROUP_COUNT=</Value>
				</NamedMeasurement>
				<Measurement>
					<Value encoding="base64" compression="gzip">eJyVUEtOwzAU3PsUb9ksYhOWSF1QgbpAKiiBVRRVJnkNlvxB9gvQM3AhNr0NC45BnFRVi1QpzGqkGc8bT95Zq2wLRio7S2DjnQHx4gyKZvshvr8+f3Y70TrXaiQMlHrUKAOmGc8ueXakiOBr0Ua2jlm8rtnKEV7BcrDAY6/ARmlCD3PQKlBBXYOWwmJb1M7jOjr4QgZVR8bK+QEV5PuaGdCQE2vueegUIWdlekAFS+2epR51tG/KO2v6UxCQ0u71j/k481wvVkL+tIIB1aT2oxfu7yb5YXYBJiT/LzY+BHIkdcKmrUAofdq4d3u68bltwUvLT+/0v3u4Lorbm7jG6OXsF+Rkw1s=</Value>
				</Measurement>
			</Results>
		</Test>
		<Test Status="passed">
			<Name>deleteStudentByID_Test.BasicTest</Name>
			<Path>.</Path>
			<FullName>./deleteStudentByID_Test.BasicTest</FullName>
			<FullCommandLine>/home/dyx/code/InfoManageSystem/lib/InfoManageLib/build/InfoManage_test "--gtest_filter=deleteStudentByID_Test.BasicTest" "--gtest_also_run_disabled_tests"</FullCommandLine>
			<Results>
				<NamedMeasurement type="numeric/double" name="Execution Time">
					<Value>0.0097599</Value>
				</NamedMeasurement>
				<NamedMeasurement type="numeric/double" name="Processors">
					<Value>1</Value>
				</NamedMeasurement>
				<NamedMeasurement type="text/string" name="Completion Status">
					<Value>Completed</Value>
				</NamedMeasurement>
				<NamedMeasurement type="text/string" name="Command Line">
					<Value>/home/dyx/code/InfoManageSystem/lib/InfoManageLib/build/InfoManage_test "--gtest_filter=deleteStudentByID_Test.BasicTest" "--gtest_also_run_disabled_tests"</Value>
				</NamedMeasurement>
				<NamedMeasurement type="text/string" name="Environment">
					<Value>#CTEST_RESOURCE_GROUP_COUNT=</Value>
				</NamedMeasurement>
				<Measurement>
					<Value encoding="base64" compression="gzip">eJyVUEFOwzAQvPsVe2wOsRuOSD1QFVUIqaAETlFUmWSbWnJsZG+AvoEPcelvOPAM4qSqWgRS2NNIMzs7O2lrjDI1NFKZSQQbZxsQW9ugqHZv4vPj/Wu/F7W1tUZCT7FDjdJjnPDkgicnjPCuFHVA6+DFy5KtLOElLHsJPHQMbJQmdDCDCsNWRm2Fhua7m8U68HwuvSoDYvnsOAWkh5AJUO8SQh6wbxUhZ3l8nAKW2j5JPfBoXpSzpunOgEeK2+cf4lPP31OxHNLHFfRTjEg+KOHudoQaJlNofPTfSMMakCWpIzbue0Lp4sq+mvNu/+oUnDT8/E732f1Vll0vQg+DlrNvdfe9hA==</Value>
				</Measurement>
			</Results>
		</Test>
		<Test Status="passed">
			<Name>addStudent_Test.BasicTest</Name>
			<Path>.</Path>
			<FullName>./addStudent_Test.BasicTest</FullName>
			<FullCommandLine>/home/dyx/code/InfoManageSystem/lib/InfoManageLib/build/InfoManage_test "--gtest_filter=addStudent_Test.BasicTest" "--gtest_also_run_disabled_tests"</FullCommandLine>
			<Results>
				<NamedMeasurement type="numeric/double" name="Execution Time">
					<Value>0.00738805</Value>
				</NamedMeasurement>
				<NamedMeasurement type="numeric/double" name="Processors">
					<Value>1</Value>
				</NamedMeasurement>
				<NamedMeasurement type="text/string" name="Completion Status">
					<Value>Completed</Value>
				</NamedMeasurement>
				<NamedMeasurement type="text/string" name="Command Line">
					<Value>/home/dyx/code/InfoManageSystem/lib/InfoManageLib/build/InfoManage_test "--gtest_filter=addStudent_Test.BasicTest" "--gtest_also_run_disabled_tests"</Value>
				</NamedMeasurement>
				<NamedMeasurement type="text/string" name="Environment">
					<Value>#CTEST_RESOURCE_GROUP_COUNT=</Value>
				</NamedMeasurement>
				<Measurement>
					<Value encoding="base64" compression="gzip">eJyNUMtqwzAQvOsr9hgfLNU9FnJoacmhkBS7PRkTVGvjCmQpSOs+vqE/1Ev+pod+Ri07hCSQkDktzOzOzOadtdo20EptJwmsvGtBvLkWhfr6FL8/33+bjWicawwSBko9GpQB04xn1zzbY0TwtWjitIy3eF2zuSO8gdkggeeegZU2hB6mIJUqqFNoaRkJfieDruPEyukOFeTbdBnQsB7TbefQaULOynSHCmbGvUoz8mjftXe27S0gIKXd+ki8f/MoDishf5nDgOpc1lECi8dzMphcQRuSi91HPZAjaRJ2WUNC6VPlPuzh/079Dby0/NCn7/J0WxQP97HyqOXsH1AlsKo=</Value>
				</Measurement>
			</Results>
		</Test>
		<EndDateTime>Nov 07 09:48 CST</EndDateTime>
		<EndTestTime>1667785682</EndTestTime>
		<ElapsedMinutes>0</ElapsedMinutes>
	</Testing>
</Site>
