Start testing: Nov 07 09:48 CST
----------------------------------------------------------
4/4 Testing: readStudentsFromFile_Test.BasicTest
4/4 Test: readStudentsFromFile_Test.BasicTest
Command: "/home/dyx/code/InfoManageSystem/lib/InfoManageLib/build/InfoManage_test" "--gtest_filter=readStudentsFromFile_Test.BasicTest" "--gtest_also_run_disabled_tests"
Directory: /home/dyx/code/InfoManageSystem/lib/InfoManageLib/build
"readStudentsFromFile_Test.BasicTest" start time: Nov 07 09:48 CST
Output:
----------------------------------------------------------
Running main() from /home/dyx/下载/googletest-release-1.12.1/googletest/src/gtest_main.cc
Note: Google Test filter = readStudentsFromFile_Test.BasicTest
[==========] Running 1 test from 1 test suite.
[----------] Global test environment set-up.
[----------] 1 test from readStudentsFromFile_Test
[ RUN      ] readStudentsFromFile_Test.BasicTest
[       OK ] readStudentsFromFile_Test.BasicTest (0 ms)
[----------] 1 test from readStudentsFromFile_Test (0 ms total)

[----------] Global test environment tear-down
[==========] 1 test from 1 test suite ran. (0 ms total)
[  PASSED  ] 1 test.
<end of output>
Test time =   0.01 sec
----------------------------------------------------------
Test Passed.
"readStudentsFromFile_Test.BasicTest" end time: Nov 07 09:48 CST
"readStudentsFromFile_Test.BasicTest" time elapsed: 00:00:00
----------------------------------------------------------

3/4 Testing: listStudentsByScore_Test.BasicTest
3/4 Test: listStudentsByScore_Test.BasicTest
Command: "/home/dyx/code/InfoManageSystem/lib/InfoManageLib/build/InfoManage_test" "--gtest_filter=listStudentsByScore_Test.BasicTest" "--gtest_also_run_disabled_tests"
Directory: /home/dyx/code/InfoManageSystem/lib/InfoManageLib/build
"listStudentsByScore_Test.BasicTest" start time: Nov 07 09:48 CST
Output:
----------------------------------------------------------
Running main() from /home/dyx/下载/googletest-release-1.12.1/googletest/src/gtest_main.cc
Note: Google Test filter = listStudentsByScore_Test.BasicTest
[==========] Running 1 test from 1 test suite.
[----------] Global test environment set-up.
[----------] 1 test from listStudentsByScore_Test
[ RUN      ] listStudentsByScore_Test.BasicTest
[       OK ] listStudentsByScore_Test.BasicTest (0 ms)
[----------] 1 test from listStudentsByScore_Test (0 ms total)

[----------] Global test environment tear-down
[==========] 1 test from 1 test suite ran. (0 ms total)
[  PASSED  ] 1 test.
<end of output>
Test time =   0.01 sec
----------------------------------------------------------
Test Passed.
"listStudentsByScore_Test.BasicTest" end time: Nov 07 09:48 CST
"listStudentsByScore_Test.BasicTest" time elapsed: 00:00:00
----------------------------------------------------------

2/4 Testing: deleteStudentByID_Test.BasicTest
2/4 Test: deleteStudentByID_Test.BasicTest
Command: "/home/dyx/code/InfoManageSystem/lib/InfoManageLib/build/InfoManage_test" "--gtest_filter=deleteStudentByID_Test.BasicTest" "--gtest_also_run_disabled_tests"
Directory: /home/dyx/code/InfoManageSystem/lib/InfoManageLib/build
"deleteStudentByID_Test.BasicTest" start time: Nov 07 09:48 CST
Output:
----------------------------------------------------------
Running main() from /home/dyx/下载/googletest-release-1.12.1/googletest/src/gtest_main.cc
Note: Google Test filter = deleteStudentByID_Test.BasicTest
[==========] Running 1 test from 1 test suite.
[----------] Global test environment set-up.
[----------] 1 test from deleteStudentByID_Test
[ RUN      ] deleteStudentByID_Test.BasicTest
[       OK ] deleteStudentByID_Test.BasicTest (0 ms)
[----------] 1 test from deleteStudentByID_Test (0 ms total)

[----------] Global test environment tear-down
[==========] 1 test from 1 test suite ran. (0 ms total)
[  PASSED  ] 1 test.
<end of output>
Test time =   0.01 sec
----------------------------------------------------------
Test Passed.
"deleteStudentByID_Test.BasicTest" end time: Nov 07 09:48 CST
"deleteStudentByID_Test.BasicTest" time elapsed: 00:00:00
----------------------------------------------------------

1/4 Testing: addStudent_Test.BasicTest
1/4 Test: addStudent_Test.BasicTest
Command: "/home/dyx/code/InfoManageSystem/lib/InfoManageLib/build/InfoManage_test" "--gtest_filter=addStudent_Test.BasicTest" "--gtest_also_run_disabled_tests"
Directory: /home/dyx/code/InfoManageSystem/lib/InfoManageLib/build
"addStudent_Test.BasicTest" start time: Nov 07 09:48 CST
Output:
----------------------------------------------------------
Running main() from /home/dyx/下载/googletest-release-1.12.1/googletest/src/gtest_main.cc
Note: Google Test filter = addStudent_Test.BasicTest
[==========] Running 1 test from 1 test suite.
[----------] Global test environment set-up.
[----------] 1 test from addStudent_Test
[ RUN      ] addStudent_Test.BasicTest
[       OK ] addStudent_Test.BasicTest (0 ms)
[----------] 1 test from addStudent_Test (0 ms total)

[----------] Global test environment tear-down
[==========] 1 test from 1 test suite ran. (0 ms total)
[  PASSED  ] 1 test.
<end of output>
Test time =   0.01 sec
----------------------------------------------------------
Test Passed.
"addStudent_Test.BasicTest" end time: Nov 07 09:48 CST
"addStudent_Test.BasicTest" time elapsed: 00:00:00
----------------------------------------------------------

End testing: Nov 07 09:48 CST
